<?xml version="1.0" encoding="UTF-8"?>
<!-- Generated by org.testng.reporters.JUnitReportReporter -->
<testsuite hostname="wmic50650nb03" name="example.googleNG" tests="2" failures="0" timestamp="23 Mar 2016 10:02:28 GMT" time="16.861" errors="0">
  <testcase name="loadTestThisWebsite" time="7.554" classname="example.googleNG"/>
  <testcase name="loadTestThisWebsite" time="9.307" classname="example.googleNG"/>
</testsuite> <!-- example.googleNG -->
