<?xml version="1.0" encoding="UTF-8"?>
<!-- Generated by org.testng.reporters.JUnitReportReporter -->
<testsuite hostname="wmic50650nb03" name="example.NewTest2" tests="2" failures="0" timestamp="23 Mar 2016 10:16:36 GMT" time="15.556" errors="0">
  <testcase name="loadTestThisWebsite" time="7.992" classname="example.NewTest2"/>
  <testcase name="loadTestThisWebsite" time="7.564" classname="example.NewTest2"/>
</testsuite> <!-- example.NewTest2 -->
