<?xml version="1.0" encoding="UTF-8"?>
<!-- Generated by org.testng.reporters.JUnitReportReporter -->
<testsuite hostname="wmic50650nb03" name="example.googleNG" tests="5" failures="0" timestamp="23 Mar 2016 09:50:35 GMT" time="44.467" errors="0">
  <testcase name="loadTestThisWebsite" time="8.510" classname="example.googleNG"/>
  <testcase name="loadTestThisWebsite" time="8.606" classname="example.googleNG"/>
  <testcase name="loadTestThisWebsite" time="7.547" classname="example.googleNG"/>
  <testcase name="loadTestThisWebsite" time="8.269" classname="example.googleNG"/>
  <testcase name="loadTestThisWebsite" time="11.535" classname="example.googleNG"/>
</testsuite> <!-- example.googleNG -->
